<?xml version="1.0" encoding="utf-8"?><testsuites name="pytest tests"><testsuite name="pytest" errors="0" failures="0" skipped="0" tests="285" time="48.506" timestamp="2026-09-17T09:40:24.151179+05:00" hostname="MFSYS-IT-09"><testcase classname="tests.test_audit" name="test_sqlite_audit_round_trips_parameterized_untrusted_values" time="0.100" /><testcase classname="tests.test_audit" name="test_database_triggers_reject_update_and_delete" time="0.086" /><testcase classname="tests.test_audit" name="test_output_excerpt_is_bounded_and_full_output_is_hashed" time="0.102" /><testcase classname="tests.test_audit" name="test_oversized_parameters_are_replaced_by_a_digest" time="0.082" /><testcase classname="tests.test_audit" name="test_invalid_status_and_recent_limit_are_rejected" time="0.072" /><testcase classname="tests.test_audit" name="test_executor_appends_attempted_then_success" time="0.140" /><testcase classname="tests.test_audit" name="test_executor_appends_error_when_transport_raises" time="0.133" /><testcase classname="tests.test_audit" name="test_policy_rejection_is_audited_without_transport" time="0.159" /><testcase classname="tests.test_audit" name="test_audit_failure_prevents_transport_execution" time="0.003" /><testcase classname="tests.test_auth" name="test_default_admin_is_hashed_and_forced_to_change" time="0.503" /><testcase classname="tests.test_auth" name="test_password_change_validation_and_first_login_completion" time="0.856" /><testcase classname="tests.test_auth" name="test_session_tokens_are_hashed_and_revocable" time="0.480" /><testcase classname="tests.test_auth" name="test_existing_auth_schema_is_migrated_without_resetting_password" time="0.254" /><testcase classname="tests.test_auth" name="test_login_throttle_is_persistent_bounded_and_does_not_store_raw_ip" time="0.949" /><testcase classname="tests.test_auth" name="test_sessions_can_only_be_listed_and_revoked_for_the_owner" time="0.667" /><testcase classname="tests.test_auth" name="test_auth_event_requests_are_bounded" time="0.476" /><testcase classname="tests.test_auth" name="test_password_reauthentication_uses_existing_hash" time="0.635" /><testcase classname="tests.test_authority" name="test_autonomous_lab_is_scoped_expiring_and_fail_closed_for_production" time="0.002" /><testcase classname="tests.test_authority" name="test_malicious_or_oversized_authority_scope_is_rejected[changes0]" time="0.002" /><testcase classname="tests.test_authority" name="test_malicious_or_oversized_authority_scope_is_rejected[changes1]" time="0.002" /><testcase classname="tests.test_authority" name="test_malicious_or_oversized_authority_scope_is_rejected[changes2]" time="0.002" /><testcase classname="tests.test_authority" name="test_malicious_or_oversized_authority_scope_is_rejected[changes3]" time="0.002" /><testcase classname="tests.test_authority" name="test_malicious_or_oversized_authority_scope_is_rejected[changes4]" time="0.002" /><testcase classname="tests.test_authority" name="test_malicious_or_oversized_authority_scope_is_rejected[changes5]" time="0.002" /><testcase classname="tests.test_authority" name="test_pause_resume_and_stop_are_bound_to_owning_session" time="0.002" /><testcase classname="tests.test_backups" name="test_backup_uses_only_typed_job_and_one_use_session_bound_approval" time="0.132" /><testcase classname="tests.test_backups" name="test_backup_rejects_unknown_and_injection_shaped_jobs[../database-dump]" time="0.068" /><testcase classname="tests.test_backups" name="test_backup_rejects_unknown_and_injection_shaped_jobs[database-dump;reboot]" time="0.088" /><testcase classname="tests.test_backups" name="test_backup_rejects_unknown_and_injection_shaped_jobs[$(id)]" time="0.085" /><testcase classname="tests.test_backups" name="test_backup_rejects_unknown_and_injection_shaped_jobs[database-dump extra]" time="0.066" /><testcase classname="tests.test_backups" name="test_backup_rejects_unknown_and_injection_shaped_jobs[xxxxxxxxxxxxxxxxxxxxxxxxxxxxxxxxxxxxxxxxxxxxxxxxxxxxxxxxxxxxxxxxx]" time="0.065" /><testcase classname="tests.test_changes" name="test_transaction_is_deterministic_single_use_and_never_mutates_remote" time="0.684" /><testcase classname="tests.test_changes" name="test_injection_shaped_or_untyped_actions_are_rejected[bad0]" time="0.002" /><testcase classname="tests.test_changes" name="test_injection_shaped_or_untyped_actions_are_rejected[bad1]" time="0.003" /><testcase classname="tests.test_changes" name="test_injection_shaped_or_untyped_actions_are_rejected[bad2]" time="0.002" /><testcase classname="tests.test_changes" name="test_injection_shaped_or_untyped_actions_are_rejected[bad3]" time="0.002" /><testcase classname="tests.test_changes" name="test_injection_shaped_or_untyped_actions_are_rejected[bad4]" time="0.002" /><testcase classname="tests.test_changes" name="test_oversized_plan_and_content_are_rejected" time="0.267" /><testcase classname="tests.test_changes" name="test_scope_budget_session_and_expiry_are_rechecked" time="0.375" /><testcase classname="tests.test_changes" name="test_invalid_state_transitions_are_denied" time="0.188" /><testcase classname="tests.test_changes" name="test_revision_replaces_plan_and_invalidates_existing_approval" time="0.597" /><testcase classname="tests.test_changes" name="test_executed_transaction_cannot_be_revised" time="0.784" /><testcase classname="tests.test_changes" name="test_skip_host_creates_reduced_plan_and_invalidates_approval" time="0.590" /><testcase classname="tests.test_changes" name="test_skip_host_rejects_unknown_only_or_started_host" time="0.828" /><testcase classname="tests.test_changes" name="test_multi_host_simulation_records_canary_waves_limits_and_releases_locks" time="1.017" /><testcase classname="tests.test_changes" name="test_live_host_lock_blocks_overlapping_transaction" time="0.350" /><testcase classname="tests.test_changes" name="test_canary_failure_opens_circuit_and_skips_later_waves" time="0.857" /><testcase classname="tests.test_changes" name="test_stepwise_simulation_advances_exactly_one_stage_at_a_time" time="1.121" /><testcase classname="tests.test_changes" name="test_managed_file_backup_precedes_approval_and_incomplete_diff_cannot_pass" time="0.414" /><testcase classname="tests.test_chat_store" name="test_chat_messages_round_trip_in_order" time="0.113" /><testcase classname="tests.test_chat_store" name="test_malicious_session_ids_are_rejected[../audit.db]" time="0.059" /><testcase classname="tests.test_chat_store" name="test_malicious_session_ids_are_rejected[x' OR 1=1 --]" time="0.055" /><testcase classname="tests.test_chat_store" name="test_malicious_session_ids_are_rejected[not-a-uuid]" time="0.057" /><testcase classname="tests.test_chat_store" name="test_oversized_or_invalid_messages_are_rejected" time="0.081" /><testcase classname="tests.test_chat_store" name="test_local_provider_is_saved_in_history" time="0.080" /><testcase classname="tests.test_chat_store" name="test_history_can_be_deleted_individually_or_all_at_once" time="0.185" /><testcase classname="tests.test_config" name="test_config_rejects_unsafe_allowlist_paths[../etc/shadow]" time="0.041" /><testcase classname="tests.test_config" name="test_config_rejects_unsafe_allowlist_paths[/var/log/../shadow]" time="0.014" /><testcase classname="tests.test_config" name="test_config_drives_per_host_log_allowlists" time="0.121" /><testcase classname="tests.test_config" name="test_per_host_thresholds_load_with_safe_defaults" time="0.044" /><testcase classname="tests.test_config" name="test_save_hosts_round_trips_atomically" time="0.020" /><testcase classname="tests.test_config" name="test_save_rejects_malformed_or_incomplete_hosts[changes0]" time="0.004" /><testcase classname="tests.test_config" name="test_save_rejects_malformed_or_incomplete_hosts[changes1]" time="0.004" /><testcase classname="tests.test_config" name="test_save_rejects_malformed_or_incomplete_hosts[changes2]" time="0.004" /><testcase classname="tests.test_config" name="test_save_rejects_malformed_or_incomplete_hosts[changes3]" time="0.004" /><testcase classname="tests.test_config" name="test_save_rejects_malformed_or_incomplete_hosts[changes4]" time="0.004" /><testcase classname="tests.test_config" name="test_save_rejects_malformed_or_incomplete_hosts[changes5]" time="0.006" /><testcase classname="tests.test_config" name="test_save_rejects_malformed_or_incomplete_hosts[changes6]" time="0.004" /><testcase classname="tests.test_config" name="test_save_rejects_malformed_or_incomplete_hosts[changes7]" time="0.004" /><testcase classname="tests.test_config" name="test_host_log_allowlists_are_isolated" time="0.004" /><testcase classname="tests.test_credential_vault" name="test_password_is_encrypted_at_rest_and_deletable" time="0.132" /><testcase classname="tests.test_executor" name="test_grep_passes_pattern_as_an_argument" time="0.003" /><testcase classname="tests.test_executor" name="test_log_paths_must_be_exactly_allowlisted[../../etc/shadow]" time="0.003" /><testcase classname="tests.test_executor" name="test_log_paths_must_be_exactly_allowlisted[/etc/shadow]" time="0.003" /><testcase classname="tests.test_executor" name="test_log_paths_must_be_exactly_allowlisted[/var/log/../log/syslog]" time="0.003" /><testcase classname="tests.test_executor" name="test_line_and_state_bounds_are_enforced" time="0.003" /><testcase classname="tests.test_executor" name="test_oversized_or_non_integer_line_requests_are_rejected[0]" time="0.003" /><testcase classname="tests.test_executor" name="test_oversized_or_non_integer_line_requests_are_rejected[-1]" time="0.003" /><testcase classname="tests.test_executor" name="test_oversized_or_non_integer_line_requests_are_rejected[501]" time="0.007" /><testcase classname="tests.test_executor" name="test_oversized_or_non_integer_line_requests_are_rejected[True]" time="0.004" /><testcase classname="tests.test_executor" name="test_oversized_or_non_integer_line_requests_are_rejected[1.5]" time="0.005" /><testcase classname="tests.test_executor" name="test_oversized_or_non_integer_line_requests_are_rejected[10]" time="0.004" /><testcase classname="tests.test_executor" name="test_invalid_grep_patterns_are_rejected_before_transport[]" time="0.012" /><testcase classname="tests.test_executor" name="test_invalid_grep_patterns_are_rejected_before_transport[xxxxxxxxxxxxxxxxxxxxxxxxxxxxxxxxxxxxxxxxxxxxxxxxxxxxxxxxxxxxxxxxxxxxxxxxxxxxxxxxxxxxxxxxxxxxxxxxxxxxxxxxxxxxxxxxxxxxxxxxxxxxxxxxxxxxxxxxxxxxxxxxxxxxxxxxxxxxxxxxxxxxxxxxxxxxxxxxxxxxxxxxxxxxxxxxxxxxxxxxxxxxxxxxxxxxxxxxxxxxxxxxxxxxxxxxxxxxxxxxxxxxxxxxxxxxxxxxx]" time="0.006" /><testcase classname="tests.test_executor" name="test_invalid_grep_patterns_are_rejected_before_transport[ok\nreboot]" time="0.018" /><testcase classname="tests.test_executor" name="test_invalid_grep_patterns_are_rejected_before_transport[x\x00y]" time="0.015" /><testcase classname="tests.test_executor" name="test_injection_shaped_log_paths_are_denied[/var/log/syslog\n/etc/shadow]" time="0.005" /><testcase classname="tests.test_executor" name="test_injection_shaped_log_paths_are_denied[/var/log/syslog\x00]" time="0.005" /><testcase classname="tests.test_executor" name="test_injection_shaped_log_paths_are_denied[/var/log/syslog;reboot]" time="0.015" /><testcase classname="tests.test_executor" name="test_all_results_are_bounded_by_lines_and_bytes" time="0.003" /><testcase classname="tests.test_executor" name="test_transport_truncation_flag_is_preserved" time="0.003" /><testcase classname="tests.test_executor" name="test_policy_builders_need_no_ssh" time="0.001" /><testcase classname="tests.test_executor" name="test_new_diagnostics_use_only_fixed_commands" time="0.004" /><testcase classname="tests.test_executor" name="test_new_diagnostics_reject_injection_shaped_host_before_transport" time="0.003" /><testcase classname="tests.test_executor" name="test_ss_falls_back_to_netstat" time="0.003" /><testcase classname="tests.test_fleet" name="test_fleet_snapshot_is_bounded_and_parses_metrics" time="0.006" /><testcase classname="tests.test_fleet" name="test_one_failed_host_does_not_fail_or_leak_details_from_fleet" time="0.004" /><testcase classname="tests.test_fleet" name="test_fleet_rejects_unsafe_concurrency_and_timeout_bounds" time="0.001" /><testcase classname="tests.test_fleet_store" name="test_history_is_persistent_host_scoped_and_bounded" time="0.145" /><testcase classname="tests.test_forced_command" name="test_exact_read_only_commands_are_authorized[argv0]" time="0.002" /><testcase classname="tests.test_forced_command" name="test_exact_read_only_commands_are_authorized[argv1]" time="0.001" /><testcase classname="tests.test_forced_command" name="test_exact_read_only_commands_are_authorized[argv2]" time="0.001" /><testcase classname="tests.test_forced_command" name="test_exact_read_only_commands_are_authorized[argv3]" time="0.002" /><testcase classname="tests.test_forced_command" name="test_exact_read_only_commands_are_authorized[argv4]" time="0.001" /><testcase classname="tests.test_forced_command" name="test_exact_read_only_commands_are_authorized[argv5]" time="0.001" /><testcase classname="tests.test_forced_command" name="test_exact_read_only_commands_are_authorized[argv6]" time="0.001" /><testcase classname="tests.test_forced_command" name="test_exact_read_only_commands_are_authorized[argv7]" time="0.002" /><testcase classname="tests.test_forced_command" name="test_exact_read_only_commands_are_authorized[argv8]" time="0.002" /><testcase classname="tests.test_forced_command" name="test_exact_read_only_commands_are_authorized[argv9]" time="0.002" /><testcase classname="tests.test_forced_command" name="test_exact_read_only_commands_are_authorized[argv10]" time="0.002" /><testcase classname="tests.test_forced_command" name="test_exact_read_only_commands_are_authorized[argv11]" time="0.006" /><testcase classname="tests.test_forced_command" name="test_exact_read_only_commands_are_authorized[argv12]" time="0.001" /><testcase classname="tests.test_forced_command" name="test_exact_read_only_commands_are_authorized[argv13]" time="0.006" /><testcase classname="tests.test_forced_command" name="test_exact_read_only_commands_are_authorized[argv14]" time="0.002" /><testcase classname="tests.test_forced_command" name="test_exact_read_only_commands_are_authorized[argv15]" time="0.004" /><testcase classname="tests.test_forced_command" name="test_exact_read_only_commands_are_authorized[argv16]" time="0.002" /><testcase classname="tests.test_forced_command" name="test_exact_read_only_commands_are_authorized[argv17]" time="0.002" /><testcase classname="tests.test_forced_command" name="test_exact_read_only_commands_are_authorized[argv18]" time="0.001" /><testcase classname="tests.test_forced_command" name="test_exact_read_only_commands_are_authorized[argv19]" time="0.001" /><testcase classname="tests.test_forced_command" name="test_exact_read_only_commands_are_authorized[argv20]" time="0.002" /><testcase classname="tests.test_forced_command" name="test_exact_read_only_commands_are_authorized[argv21]" time="0.003" /><testcase classname="tests.test_forced_command" name="test_shell_escapes_and_out_of_policy_commands_are_denied[None]" time="0.002" /><testcase classname="tests.test_forced_command" name="test_shell_escapes_and_out_of_policy_commands_are_denied[]" time="0.001" /><testcase classname="tests.test_forced_command" name="test_shell_escapes_and_out_of_policy_commands_are_denied[sh]" time="0.005" /><testcase classname="tests.test_forced_command" name="test_shell_escapes_and_out_of_policy_commands_are_denied[bash -c id]" time="0.001" /><testcase classname="tests.test_forced_command" name="test_shell_escapes_and_out_of_policy_commands_are_denied[who; touch /tmp/pwned]" time="0.001" /><testcase classname="tests.test_forced_command" name="test_shell_escapes_and_out_of_policy_commands_are_denied[who &amp;&amp; id]" time="0.002" /><testcase classname="tests.test_forced_command" name="test_shell_escapes_and_out_of_policy_commands_are_denied[who | tee /tmp/pwned]" time="0.001" /><testcase classname="tests.test_forced_command" name="test_shell_escapes_and_out_of_policy_commands_are_denied[who &gt; /tmp/pwned]" time="0.001" /><testcase classname="tests.test_forced_command" name="test_shell_escapes_and_out_of_policy_commands_are_denied[$(touch /tmp/pwned)]" time="0.017" /><testcase classname="tests.test_forced_command" name="test_shell_escapes_and_out_of_policy_commands_are_denied[tail -n 10 /etc/shadow]" time="0.001" /><testcase classname="tests.test_forced_command" name="test_shell_escapes_and_out_of_policy_commands_are_denied[tail -n 10 ../../etc/shadow]" time="0.002" /><testcase classname="tests.test_forced_command" name="test_shell_escapes_and_out_of_policy_commands_are_denied[tail -n 501 /var/log/syslog]" time="0.001" /><testcase classname="tests.test_forced_command" name="test_shell_escapes_and_out_of_policy_commands_are_denied[tail -n 01 /var/log/syslog]" time="0.002" /><testcase classname="tests.test_forced_command" name="test_shell_escapes_and_out_of_policy_commands_are_denied[cat /var/log/syslog]" time="0.002" /><testcase classname="tests.test_forced_command" name="test_shell_escapes_and_out_of_policy_commands_are_denied[grep -n error /var/log/syslog]" time="0.002" /><testcase classname="tests.test_forced_command" name="test_shell_escapes_and_out_of_policy_commands_are_denied[grep -n -m 10 -- error /var/log/syslog extra]" time="0.003" /><testcase classname="tests.test_forced_command" name="test_shell_escapes_and_out_of_policy_commands_are_denied[systemctl restart ssh]" time="0.002" /><testcase classname="tests.test_forced_command" name="test_shell_escapes_and_out_of_policy_commands_are_denied[systemctl list-units --type=service --no-pager --no-legend --state=active;reboot]" time="0.002" /><testcase classname="tests.test_forced_command" name="test_shell_escapes_and_out_of_policy_commands_are_denied[scp -t /tmp/file]" time="0.002" /><testcase classname="tests.test_forced_command" name="test_shell_escapes_and_out_of_policy_commands_are_denied[sftp-server]" time="0.002" /><testcase classname="tests.test_forced_command" name="test_shell_escapes_and_out_of_policy_commands_are_denied['unterminated]" time="0.002" /><testcase classname="tests.test_forced_command" name="test_oversized_original_command_is_denied" time="0.013" /><testcase classname="tests.test_forced_command" name="test_only_explicitly_allowlisted_service_can_be_restarted_or_previewed" time="0.002" /><testcase classname="tests.test_forced_command" name="test_binary_mapping_must_use_an_absolute_path" time="0.002" /><testcase classname="tests.test_forced_command" name="test_os_gate_accepts_every_phase_one_command_shape" time="0.004" /><testcase classname="tests.test_forced_command" name="test_policy_file_requires_safe_absolute_logs" time="0.006" /><testcase classname="tests.test_forced_command" name="test_os_policy_file_must_be_root_owned_regular_and_not_writable" time="0.002" /><testcase classname="tests.test_host_config_cli" name="test_cli_add_list_and_remove_preserves_other_hosts" time="0.124" /><testcase classname="tests.test_host_config_cli" name="test_cli_refuses_accidental_duplicate_without_replace" time="0.229" /><testcase classname="tests.test_host_config_cli" name="test_cli_rejects_unsafe_values_before_writing" time="0.044" /><testcase classname="tests.test_managed_files" name="test_named_policy_produces_bounded_atomic_plan" time="0.008" /><testcase classname="tests.test_managed_files" name="test_raw_or_injection_shaped_paths_are_never_resolved[/etc/passwd]" time="0.007" /><testcase classname="tests.test_managed_files" name="test_raw_or_injection_shaped_paths_are_never_resolved[../passwd]" time="0.006" /><testcase classname="tests.test_managed_files" name="test_raw_or_injection_shaped_paths_are_never_resolved[nginx-site;reboot]" time="0.006" /><testcase classname="tests.test_managed_files" name="test_raw_or_injection_shaped_paths_are_never_resolved[$(id)]" time="0.006" /><testcase classname="tests.test_managed_files" name="test_device_traversal_and_unsafe_metadata_policy_is_rejected[policy0]" time="0.052" /><testcase classname="tests.test_managed_files" name="test_device_traversal_and_unsafe_metadata_policy_is_rejected[policy1]" time="0.016" /><testcase classname="tests.test_managed_files" name="test_device_traversal_and_unsafe_metadata_policy_is_rejected[policy2]" time="0.019" /><testcase classname="tests.test_managed_files" name="test_device_traversal_and_unsafe_metadata_policy_is_rejected[policy3]" time="0.018" /><testcase classname="tests.test_managed_files" name="test_encoding_size_and_validator_failures_are_rejected" time="0.007" /><testcase classname="tests.test_managed_files" name="test_managed_policy_round_trips_through_toml" time="0.038" /><testcase classname="tests.test_onboarding" name="test_trust_requires_same_key_twice_and_saves_atomically" time="0.336" /><testcase classname="tests.test_onboarding" name="test_no_decision_does_not_write_files" time="0.105" /><testcase classname="tests.test_onboarding" name="test_changed_key_is_rejected_without_writes" time="0.058" /><testcase classname="tests.test_onboarding" name="test_malicious_log_path_is_rejected_before_network" time="0.031" /><testcase classname="tests.test_onboarding" name="test_remove_deletes_only_selected_host_and_exact_known_host_entry" time="1.034" /><testcase classname="tests.test_onboarding" name="test_remove_rejects_unknown_host_without_changing_config" time="0.036" /><testcase classname="tests.test_onboarding" name="test_direct_password_is_saved_only_in_encrypted_vault" time="0.163" /><testcase classname="tests.test_packages" name="test_package_preview_is_fixed_bounded_and_repository_safe" time="0.002" /><testcase classname="tests.test_packages" name="test_unapproved_ids_versions_and_injection_shapes_are_denied[nginx;reboot-1.24.0-1]" time="0.002" /><testcase classname="tests.test_packages" name="test_unapproved_ids_versions_and_injection_shapes_are_denied[/tmp/pkg.deb-1.24.0-1]" time="0.002" /><testcase classname="tests.test_packages" name="test_unapproved_ids_versions_and_injection_shapes_are_denied[web-server-1.24.0-1;id]" time="0.002" /><testcase classname="tests.test_packages" name="test_unapproved_ids_versions_and_injection_shapes_are_denied[web-server-latest]" time="0.002" /><testcase classname="tests.test_packages" name="test_held_package_and_unsupported_action_are_denied" time="0.003" /><testcase classname="tests.test_packages" name="test_canary_is_deterministic_and_failure_halts_remaining_hosts" time="0.001" /><testcase classname="tests.test_packages" name="test_unsafe_or_oversized_package_policy_is_rejected[policy0]" time="0.006" /><testcase classname="tests.test_packages" name="test_unsafe_or_oversized_package_policy_is_rejected[policy1]" time="0.005" /><testcase classname="tests.test_packages" name="test_unsafe_or_oversized_package_policy_is_rejected[policy2]" time="0.005" /><testcase classname="tests.test_packages" name="test_unsafe_or_oversized_package_policy_is_rejected[policy3]" time="0.005" /><testcase classname="tests.test_packages" name="test_unsafe_or_oversized_package_policy_is_rejected[policy4]" time="0.005" /><testcase classname="tests.test_packages" name="test_package_policy_round_trips" time="0.025" /><testcase classname="tests.test_phase22_adversarial" name="test_prompt_injection_content_remains_bounded_data" time="0.268" /><testcase classname="tests.test_phase22_adversarial" name="test_approval_replay_cross_session_and_stale_plan_are_denied" time="0.415" /><testcase classname="tests.test_phase22_adversarial" name="test_restart_mid_workflow_fails_closed_until_authority_is_rearmed" time="0.514" /><testcase classname="tests.test_phase22_adversarial" name="test_expired_lock_is_recovered_but_live_lock_blocks" time="0.261" /><testcase classname="tests.test_phase22_adversarial" name="test_production_host_cannot_enter_autonomous_mode" time="0.228" /><testcase classname="tests.test_phase22_adversarial" name="test_recovery_drill_after_every_persisted_stage[0-backed_up]" time="0.985" /><testcase classname="tests.test_phase22_adversarial" name="test_recovery_drill_after_every_persisted_stage[1-applying]" time="1.188" /><testcase classname="tests.test_phase22_adversarial" name="test_recovery_drill_after_every_persisted_stage[2-validating]" time="0.901" /><testcase classname="tests.test_phase22_adversarial" name="test_recovery_drill_after_every_persisted_stage[3-activating]" time="6.377" /><testcase classname="tests.test_phase22_adversarial" name="test_recovery_drill_after_every_persisted_stage[4-verifying]" time="0.944" /><testcase classname="tests.test_phase22_adversarial" name="test_cross_user_transaction_access_is_denied_even_with_session_id" time="0.190" /><testcase classname="tests.test_phase22_adversarial" name="test_rollback_authority_denial_is_audited" time="0.617" /><testcase classname="tests.test_playbooks" name="test_playbooks_have_bounded_fixed_steps_and_execute_in_order" time="0.012" /><testcase classname="tests.test_playbooks" name="test_unknown_and_injection_shaped_playbook_ids_are_rejected" time="0.012" /><testcase classname="tests.test_playbooks" name="test_step_failure_is_sanitized_and_does_not_execute_later_steps" time="0.014" /><testcase classname="tests.test_preflight" name="test_preflight_passes_ready_local_files" time="0.086" /><testcase classname="tests.test_preflight" name="test_preflight_reports_missing_files_without_secret_paths" time="0.064" /><testcase classname="tests.test_presentation" name="test_raw_output_is_verbatim_and_precedes_summary" time="0.012" /><testcase classname="tests.test_presentation" name="test_safe_summary_flags_failures_stderr_and_truncation" time="0.011" /><testcase classname="tests.test_presentation" name="test_multi_command_presentation_keeps_results_in_order" time="0.021" /><testcase classname="tests.test_presentation" name="test_empty_summary_is_rejected" time="0.012" /><testcase classname="tests.test_privileged_helper" name="test_helper_maps_typed_action_to_one_fixed_absolute_command" time="0.065" /><testcase classname="tests.test_privileged_helper" name="test_helper_maps_backup_id_to_root_owned_executable" time="0.074" /><testcase classname="tests.test_privileged_helper" name="test_helper_rejects_unapproved_backup_job[../dump]" time="0.042" /><testcase classname="tests.test_privileged_helper" name="test_helper_rejects_unapproved_backup_job[database-dump;id]" time="0.031" /><testcase classname="tests.test_privileged_helper" name="test_helper_rejects_unapproved_backup_job[$(id)]" time="0.081" /><testcase classname="tests.test_privileged_helper" name="test_helper_rejects_unapproved_backup_job[missing]" time="0.062" /><testcase classname="tests.test_privileged_helper" name="test_helper_rejects_unknown_injection_and_oversized_shapes[argv0]" time="0.026" /><testcase classname="tests.test_privileged_helper" name="test_helper_rejects_unknown_injection_and_oversized_shapes[argv1]" time="0.025" /><testcase classname="tests.test_privileged_helper" name="test_helper_rejects_unknown_injection_and_oversized_shapes[argv2]" time="0.030" /><testcase classname="tests.test_privileged_helper" name="test_helper_rejects_unknown_injection_and_oversized_shapes[argv3]" time="0.031" /><testcase classname="tests.test_privileged_helper" name="test_helper_rejects_unknown_injection_and_oversized_shapes[argv4]" time="0.032" /><testcase classname="tests.test_privileged_helper" name="test_helper_rejects_unknown_injection_and_oversized_shapes[argv5]" time="0.032" /><testcase classname="tests.test_rate_limit" name="test_sliding_window_denies_then_recovers" time="0.032" /><testcase classname="tests.test_rate_limit" name="test_rate_budgets_are_isolated_by_key" time="0.012" /><testcase classname="tests.test_rate_limit" name="test_invalid_rate_limits_are_rejected[args0]" time="0.006" /><testcase classname="tests.test_rate_limit" name="test_invalid_rate_limits_are_rejected[args1]" time="0.015" /><testcase classname="tests.test_rate_limit" name="test_invalid_rate_limits_are_rejected[args2]" time="0.006" /><testcase classname="tests.test_rate_limit" name="test_invalid_rate_limits_are_rejected[args3]" time="0.006" /><testcase classname="tests.test_rate_limit" name="test_invalid_rate_limits_are_rejected[args4]" time="0.005" /><testcase classname="tests.test_recipes" name="test_nginx_recipe_expands_only_to_fixed_typed_actions" time="0.005" /><testcase classname="tests.test_recipes" name="test_recipe_denies_non_lab_environments[production]" time="0.006" /><testcase classname="tests.test_recipes" name="test_recipe_denies_non_lab_environments[staging]" time="0.007" /><testcase classname="tests.test_recipes" name="test_recipe_denies_unknown_recipe_and_incomplete_policy" time="0.006" /><testcase classname="tests.test_recovery" name="test_typed_snapshots_are_verified_opaque_and_idempotently_restored" time="0.307" /><testcase classname="tests.test_recovery" name="test_missing_tampered_and_expired_snapshots_fail_closed" time="0.338" /><testcase classname="tests.test_recovery" name="test_retention_capacity_and_estimated_size_are_bounded" time="0.182" /><testcase classname="tests.test_remediation" name="test_restart_requires_allowlist_and_never_accepts_command_text" time="0.074" /><testcase classname="tests.test_remediation" name="test_approval_is_session_bound_one_use_and_post_verified" time="0.201" /><testcase classname="tests.test_remediation" name="test_expired_approval_cannot_execute" time="0.085" /><testcase classname="tests.test_remediation" name="test_successful_command_is_not_claimed_verified_when_service_is_inactive" time="0.180" /><testcase classname="tests.test_security_posture" name="test_posture_uses_fixed_auth_pattern_and_classifies_findings" time="0.004" /><testcase classname="tests.test_security_posture" name="test_auth_analysis_is_skipped_when_log_is_not_allowlisted" time="0.004" /><testcase classname="tests.test_security_posture" name="test_one_denied_check_is_isolated_and_details_are_hidden" time="0.004" /><testcase classname="tests.test_security_posture" name="test_posture_timeout_must_be_positive" time="0.002" /><testcase classname="tests.test_security_review" name="test_every_executed_command_has_attempted_and_terminal_audit_events" time="0.005" /><testcase classname="tests.test_security_review" name="test_policy_denials_are_audited_without_transport[&lt;lambda&gt;-check_ports]" time="0.005" /><testcase classname="tests.test_security_review" name="test_policy_denials_are_audited_without_transport[&lt;lambda&gt;-check_services]" time="0.006" /><testcase classname="tests.test_security_review" name="test_policy_denials_are_audited_without_transport[&lt;lambda&gt;-read_log]" time="0.006" /><testcase classname="tests.test_security_review" name="test_policy_denials_are_audited_without_transport[&lt;lambda&gt;-grep_log]" time="0.006" /><testcase classname="tests.test_security_review" name="test_prompt_injection_output_remains_inert_raw_data" time="0.005" /><testcase classname="tests.test_server" name="test_server_exposes_only_typed_read_only_tools" time="0.045" /><testcase classname="tests.test_server" name="test_tool_schemas_publish_enums_and_bounds" time="0.030" /><testcase classname="tests.test_server" name="test_tools_route_only_to_fixed_executor_capabilities[check_ports-arguments0-expected_commands0]" time="0.041" /><testcase classname="tests.test_server" name="test_tools_route_only_to_fixed_executor_capabilities[check_services-arguments1-expected_commands1]" time="0.042" /><testcase classname="tests.test_server" name="test_tools_route_only_to_fixed_executor_capabilities[read_log-arguments2-expected_commands2]" time="0.096" /><testcase classname="tests.test_server" name="test_tools_route_only_to_fixed_executor_capabilities[grep_log-arguments3-expected_commands3]" time="0.029" /><testcase classname="tests.test_server" name="test_tools_route_only_to_fixed_executor_capabilities[check_resources-arguments4-expected_commands4]" time="0.031" /><testcase classname="tests.test_server" name="test_tools_route_only_to_fixed_executor_capabilities[who_is_on-arguments5-expected_commands5]" time="0.034" /><testcase classname="tests.test_server" name="test_raw_output_is_preserved_in_structured_result" time="0.032" /><testcase classname="tests.test_server" name="test_disallowed_log_path_cannot_reach_transport" time="0.033" /><testcase classname="tests.test_server" name="test_mcp_rate_limit_denial_is_clear_and_does_not_reach_transport" time="0.058" /><testcase classname="tests.test_services" name="test_reload_requires_validation_and_has_no_expected_downtime" time="0.001" /><testcase classname="tests.test_services" name="test_restart_is_material_and_verifies_state_ports_logs_and_health" time="0.001" /><testcase classname="tests.test_services" name="test_command_success_never_substitutes_for_health_and_failure_rolls_back" time="0.001" /><testcase classname="tests.test_services" name="test_injection_shaped_service_ids_are_denied[web;reboot]" time="0.001" /><testcase classname="tests.test_services" name="test_injection_shaped_service_ids_are_denied[../web]" time="0.001" /><testcase classname="tests.test_services" name="test_injection_shaped_service_ids_are_denied[$(id)]" time="0.001" /><testcase classname="tests.test_services" name="test_injection_shaped_service_ids_are_denied[/tmp/unit]" time="0.001" /><testcase classname="tests.test_services" name="test_unsafe_service_policy_is_rejected[policy0]" time="0.005" /><testcase classname="tests.test_services" name="test_unsafe_service_policy_is_rejected[policy1]" time="0.005" /><testcase classname="tests.test_services" name="test_unsafe_service_policy_is_rejected[policy2]" time="0.006" /><testcase classname="tests.test_services" name="test_unsafe_service_policy_is_rejected[policy3]" time="0.006" /><testcase classname="tests.test_services" name="test_unsafe_service_policy_is_rejected[policy4]" time="0.004" /><testcase classname="tests.test_services" name="test_unsafe_service_policy_is_rejected[policy5]" time="0.005" /><testcase classname="tests.test_services" name="test_service_policy_round_trips" time="0.028" /><testcase classname="tests.test_transport" name="test_stream_reader_stops_at_utf8_byte_limit" time="0.004" /><testcase classname="tests.test_transport" name="test_stream_reader_preserves_complete_bounded_output" time="0.005" /><testcase classname="tests.test_transport" name="test_transport_rejects_invalid_limits[kwargs0]" time="0.002" /><testcase classname="tests.test_transport" name="test_transport_rejects_invalid_limits[kwargs1]" time="0.002" /><testcase classname="tests.test_transport" name="test_transport_rejects_invalid_limits[kwargs2]" time="0.002" /><testcase classname="tests.test_web" name="test_agent_forces_selected_allowlisted_host_over_model_input" time="0.005" /><testcase classname="tests.test_web" name="test_unknown_host_never_reaches_llm_or_executor" time="0.005" /><testcase classname="tests.test_web" name="test_password_environment_name_is_validated" time="0.002" /><testcase classname="tests.test_web" name="test_host_discovery_errors_distinguish_access_policy_and_unreachable_network" time="0.002" /><testcase classname="tests.test_web" name="test_api_does_not_expose_credentials" time="0.731" /><testcase classname="tests.test_web" name="test_unauthenticated_response_keeps_cors_headers" time="0.547" /><testcase classname="tests.test_web" name="test_private_lan_origin_is_allowed_but_public_origin_is_not" time="0.527" /><testcase classname="tests.test_web" name="test_login_throttle_and_session_revocation_require_csrf" time="1.786" /><testcase classname="tests.test_web" name="test_request_rejects_disabled_or_unknown_provider" time="0.001" /><testcase classname="tests.test_web" name="test_authority_api_requires_reauthentication_csrf_and_resets_on_logout" time="1.257" /><testcase classname="tests.test_web" name="test_backup_api_requires_authentication_reauthentication_and_fixed_job" time="1.612" /><testcase classname="tests.test_web" name="test_model_timeout_ends_stream_and_reenables_client" time="0.007" /></testsuite></testsuites>